c:\users\felip\desktop\23-11-2017 tutintv2\proyecto tutint v2\proyecto dcl\debug\vc140.pdb
c:\users\felip\desktop\23-11-2017 tutintv2\proyecto tutint v2\proyecto dcl\debug\manejadorbd.obj
c:\users\felip\desktop\23-11-2017 tutintv2\proyecto tutint v2\proyecto dcl\debug\login.obj
c:\users\felip\desktop\23-11-2017 tutintv2\proyecto tutint v2\proyecto dcl\debug\leerarchivo.obj
c:\users\felip\desktop\23-11-2017 tutintv2\proyecto tutint v2\proyecto dcl\debug\hecho.obj
c:\users\felip\desktop\23-11-2017 tutintv2\proyecto tutint v2\proyecto dcl\debug\formestrella.obj
c:\users\felip\desktop\23-11-2017 tutintv2\proyecto tutint v2\proyecto dcl\debug\evaluador.obj
c:\users\felip\desktop\23-11-2017 tutintv2\proyecto tutint v2\proyecto dcl\debug\conector.obj
c:\users\felip\desktop\23-11-2017 tutintv2\proyecto tutint v2\proyecto dcl\debug\basedehechos.obj
c:\users\felip\desktop\23-11-2017 tutintv2\proyecto tutint v2\proyecto dcl\debug\basededatos.obj
c:\users\felip\desktop\23-11-2017 tutintv2\proyecto tutint v2\proyecto dcl\debug\basedeconocimiento.obj
c:\users\felip\desktop\23-11-2017 tutintv2\proyecto tutint v2\proyecto dcl\debug\argumento.obj
c:\users\felip\desktop\23-11-2017 tutintv2\proyecto tutint v2\proyecto dcl\debug\agentecontrolador.obj
c:\users\felip\desktop\23-11-2017 tutintv2\proyecto tutint v2\proyecto dcl\debug\agenteaprendizaje.obj
c:\users\felip\desktop\23-11-2017 tutintv2\proyecto tutint v2\proyecto dcl\debug\advertencia.obj
c:\users\felip\desktop\23-11-2017 tutintv2\proyecto tutint v2\proyecto dcl\debug\act1unobi.obj
c:\users\felip\desktop\23-11-2017 tutintv2\proyecto tutint v2\proyecto dcl\debug\act1dosbi.obj
c:\users\felip\desktop\23-11-2017 tutintv2\proyecto tutint v2\proyecto dcl\debug\act1unobd.obj
c:\users\felip\desktop\23-11-2017 tutintv2\proyecto tutint v2\proyecto dcl\debug\act1unobb.obj
c:\users\felip\desktop\23-11-2017 tutintv2\proyecto tutint v2\proyecto dcl\debug\act1dosbd.obj
c:\users\felip\desktop\23-11-2017 tutintv2\proyecto tutint v2\proyecto dcl\debug\act1dosbb.obj
c:\users\felip\desktop\23-11-2017 tutintv2\proyecto tutint v2\proyecto dcl\debug\tiempomi.obj
c:\users\felip\desktop\23-11-2017 tutintv2\proyecto tutint v2\proyecto dcl\debug\tiempogui.obj
c:\users\felip\desktop\23-11-2017 tutintv2\proyecto tutint v2\proyecto dcl\debug\regla.obj
c:\users\felip\desktop\23-11-2017 tutintv2\proyecto tutint v2\proyecto dcl\debug\registro.obj
c:\users\felip\desktop\23-11-2017 tutintv2\proyecto tutint v2\proyecto dcl\debug\rangostiempo.obj
c:\users\felip\desktop\23-11-2017 tutintv2\proyecto tutint v2\proyecto dcl\debug\principaluno.obj
c:\users\felip\desktop\23-11-2017 tutintv2\proyecto tutint v2\proyecto dcl\debug\principaltres.obj
c:\users\felip\desktop\23-11-2017 tutintv2\proyecto tutint v2\proyecto dcl\debug\principalcinco.obj
c:\users\felip\desktop\23-11-2017 tutintv2\proyecto tutint v2\proyecto dcl\debug\principaldos.obj
c:\users\felip\desktop\23-11-2017 tutintv2\proyecto tutint v2\proyecto dcl\debug\principalcuatro.obj
c:\users\felip\desktop\23-11-2017 tutintv2\proyecto tutint v2\proyecto dcl\debug\percepciones.obj
c:\users\felip\desktop\23-11-2017 tutintv2\proyecto tutint v2\proyecto dcl\debug\niveluno.obj
c:\users\felip\desktop\23-11-2017 tutintv2\proyecto tutint v2\proyecto dcl\debug\niveles.obj
c:\users\felip\desktop\23-11-2017 tutintv2\proyecto tutint v2\proyecto dcl\debug\niveldos.obj
c:\users\felip\desktop\23-11-2017 tutintv2\proyecto tutint v2\proyecto dcl\debug\myform.obj
c:\users\felip\desktop\23-11-2017 tutintv2\proyecto tutint v2\proyecto dcl\debug\motordeinferencia.obj
c:\users\felip\desktop\23-11-2017 tutintv2\proyecto tutint v2\proyecto dcl\debug\mensaje.obj
c:\users\felip\desktop\23-11-2017 tutintv2\proyecto tutint v2\proyecto dcl\debug\manejadormi.obj
c:\users\felip\desktop\23-11-2017 tutintv2\proyecto tutint v2\proyecto dcl\debug\.netframework,version=v4.5.2.assemblyattributes.obj
c:\users\felip\desktop\23-11-2017 tutintv2\proyecto tutint v2\proyecto dcl\debug\.netframework,version=v4.5.2.assemblyattributes.asm
c:\users\felip\desktop\23-11-2017 tutintv2\proyecto tutint v2\debug\proyecto tutint.exe
c:\users\felip\desktop\23-11-2017 tutintv2\proyecto tutint v2\debug\proyecto tutint.pdb
c:\users\felip\desktop\23-11-2017 tutintv2\proyecto tutint v2\proyecto dcl\debug\proyecto tutint.tlog\metagen.write.1.tlog
c:\users\felip\desktop\23-11-2017 tutintv2\proyecto tutint v2\proyecto dcl\debug\proyecto_dcl.act1dosbb.resources
c:\users\felip\desktop\23-11-2017 tutintv2\proyecto tutint v2\proyecto dcl\debug\proyecto_dcl.act1dosbd.resources
c:\users\felip\desktop\23-11-2017 tutintv2\proyecto tutint v2\proyecto dcl\debug\proyecto_dcl.act1dosbi.resources
c:\users\felip\desktop\23-11-2017 tutintv2\proyecto tutint v2\proyecto dcl\debug\proyecto_dcl.act1unobb.resources
c:\users\felip\desktop\23-11-2017 tutintv2\proyecto tutint v2\proyecto dcl\debug\proyecto_dcl.act1unobd.resources
c:\users\felip\desktop\23-11-2017 tutintv2\proyecto tutint v2\proyecto dcl\debug\proyecto_dcl.act1unobi.resources
c:\users\felip\desktop\23-11-2017 tutintv2\proyecto tutint v2\proyecto dcl\debug\proyecto_dcl.advertencia.resources
c:\users\felip\desktop\23-11-2017 tutintv2\proyecto tutint v2\proyecto dcl\debug\proyecto_dcl.formestrella.resources
c:\users\felip\desktop\23-11-2017 tutintv2\proyecto tutint v2\proyecto dcl\debug\proyecto_dcl.login.resources
c:\users\felip\desktop\23-11-2017 tutintv2\proyecto tutint v2\proyecto dcl\debug\proyecto_dcl.mensaje.resources
c:\users\felip\desktop\23-11-2017 tutintv2\proyecto tutint v2\proyecto dcl\debug\proyecto_dcl.myform.resources
c:\users\felip\desktop\23-11-2017 tutintv2\proyecto tutint v2\proyecto dcl\debug\proyecto_dcl.niveldos.resources
c:\users\felip\desktop\23-11-2017 tutintv2\proyecto tutint v2\proyecto dcl\debug\proyecto_dcl.niveles.resources
c:\users\felip\desktop\23-11-2017 tutintv2\proyecto tutint v2\proyecto dcl\debug\proyecto_dcl.niveluno.resources
c:\users\felip\desktop\23-11-2017 tutintv2\proyecto tutint v2\proyecto dcl\debug\proyecto_dcl.principalcinco.resources
c:\users\felip\desktop\23-11-2017 tutintv2\proyecto tutint v2\proyecto dcl\debug\proyecto_dcl.principalcuatro.resources
c:\users\felip\desktop\23-11-2017 tutintv2\proyecto tutint v2\proyecto dcl\debug\proyecto_dcl.principaldos.resources
c:\users\felip\desktop\23-11-2017 tutintv2\proyecto tutint v2\proyecto dcl\debug\proyecto_dcl.principaltres.resources
c:\users\felip\desktop\23-11-2017 tutintv2\proyecto tutint v2\proyecto dcl\debug\proyecto_dcl.principaluno.resources
c:\users\felip\desktop\23-11-2017 tutintv2\proyecto tutint v2\proyecto dcl\debug\proyecto_dcl.registro.resources
c:\users\felip\desktop\23-11-2017 tutintv2\proyecto tutint v2\proyecto dcl\debug\proyecto dcl.vcxproj.generateresource.cache
c:\users\felip\desktop\23-11-2017 tutintv2\proyecto tutint v2\proyecto dcl\debug\proyecto dcl.vcxprojresolveassemblyreference.cache
c:\users\felip\desktop\23-11-2017 tutintv2\proyecto tutint v2\proyecto dcl\debug\proyecto tutint.tlog\cl.command.1.tlog
c:\users\felip\desktop\23-11-2017 tutintv2\proyecto tutint v2\proyecto dcl\debug\proyecto tutint.tlog\cl.read.1.tlog
c:\users\felip\desktop\23-11-2017 tutintv2\proyecto tutint v2\proyecto dcl\debug\proyecto tutint.tlog\cl.write.1.tlog
c:\users\felip\desktop\23-11-2017 tutintv2\proyecto tutint v2\proyecto dcl\debug\proyecto tutint.tlog\link.command.1.tlog
c:\users\felip\desktop\23-11-2017 tutintv2\proyecto tutint v2\proyecto dcl\debug\proyecto tutint.tlog\link.read.1.tlog
c:\users\felip\desktop\23-11-2017 tutintv2\proyecto tutint v2\proyecto dcl\debug\proyecto tutint.tlog\link.write.1.tlog
c:\users\felip\desktop\23-11-2017 tutintv2\proyecto tutint v2\proyecto dcl\debug\proyecto tutint.tlog\metagen.read.1.tlog
c:\users\felip\desktop\23-11-2017 tutintv2\proyecto tutint v2\proyecto dcl\debug\proyecto tutint.tlog\proyecto tutint.write.1u.tlog
c:\users\felip\desktop\23-11-2017 tutintv2\proyecto tutint v2\proyecto dcl\debug\proyecto tutint.tlog\mysql.data.dll.metagen
c:\users\felip\desktop\23-11-2017 tutintv2\proyecto tutint v2\proyecto dcl\debug\proyecto tutint.tlog\tzres.dll.bi
